<?xml version="1.0" encoding="UTF-8"?>
<!-- Generated by org.testng.reporters.JUnitReportReporter -->
<testsuite hostname="pavanraut2137" failures="0" tests="3" name="_testNG_suite_.sample1" time="0.009" errors="0" timestamp="2022-08-31T00:10:49 IST" skipped="0">
  <testcase classname="_testNG_suite_.sample1" name="TC1" time="0.008"/>
  <system-out/>
  <testcase classname="_testNG_suite_.sample1" name="TC3" time="0.000"/>
  <system-out/>
  <testcase classname="_testNG_suite_.sample1" name="TC2" time="0.001"/>
  <system-out/>
</testsuite> <!-- _testNG_suite_.sample1 -->
