<?xml version="1.0" encoding="UTF-8"?>
<!-- Generated by org.testng.reporters.JUnitReportReporter -->
<testsuite hostname="pavanraut2137" failures="0" tests="3" name="_Test_annotation_._Test_annotation_" time="0.007" errors="0" timestamp="2022-08-29T02:38:34 IST" skipped="1">
  <testcase classname="_Test_annotation_._Test_annotation_" name="testdepends" time="0.001"/>
  <system-out>
    <![CDATA[dependson]]>
  </system-out>
  <testcase classname="_Test_annotation_._Test_annotation_" name="testusername" time="0.006"/>
  <system-out>
    <![CDATA[username]]>
  </system-out>
  <testcase classname="_Test_annotation_._Test_annotation_" name="testpasswords">
    <skipped/>
  </testcase> <!-- testpasswords -->
  <system-out/>
</testsuite> <!-- _Test_annotation_._Test_annotation_ -->
