<?xml version="1.0" encoding="UTF-8"?>
<!-- Generated by org.testng.reporters.JUnitReportReporter -->
<testsuite hostname="pavanraut2137" failures="0" tests="4" name="_testNG_suite_.sample3" time="0.004" errors="0" timestamp="2022-08-31T00:10:49 IST" skipped="0">
  <testcase classname="_testNG_suite_.sample3" name="TC9" time="0.001"/>
  <system-out/>
  <testcase classname="_testNG_suite_.sample3" name="TC10" time="0.001"/>
  <system-out/>
  <testcase classname="_testNG_suite_.sample3" name="TC7" time="0.001"/>
  <system-out/>
  <testcase classname="_testNG_suite_.sample3" name="TC8" time="0.001"/>
  <system-out/>
</testsuite> <!-- _testNG_suite_.sample3 -->
