<?xml version="1.0" encoding="UTF-8"?>
<!-- Generated by org.testng.reporters.JUnitReportReporter -->
<testsuite hostname="pavanraut2137" failures="0" tests="1" name="_testNG_parallel_execution.sample2" time="13.613" errors="0" timestamp="2022-08-31T05:56:52 IST" skipped="0">
  <testcase classname="_testNG_parallel_execution.sample2" name="TC2" time="13.613"/>
  <system-out/>
</testsuite> <!-- _testNG_parallel_execution.sample2 -->
