<?xml version="1.0" encoding="UTF-8"?>
<!-- Generated by org.testng.reporters.JUnitReportReporter -->
<testsuite hostname="pavanraut2137" failures="0" tests="1" name="DDF_POM_testNG_base_UTILITY_class._Kite_test_class" time="3.045" errors="0" timestamp="2022-09-05T23:26:29 IST" skipped="0">
  <testcase classname="DDF_POM_testNG_base_UTILITY_class._Kite_test_class" name="test" time="3.045"/>
  <system-out/>
</testsuite> <!-- DDF_POM_testNG_base_UTILITY_class._Kite_test_class -->
