<?xml version="1.0" encoding="UTF-8"?>
<!-- Generated by org.testng.reporters.JUnitReportReporter -->
<testsuite hostname="pavanraut2137" failures="0" tests="1" name="_testNG_Assertions_._Verification_soft_assert_" time="0.012" errors="0" timestamp="2022-08-30T23:45:11 IST" skipped="0">
  <testcase classname="_testNG_Assertions_._Verification_soft_assert_" name="test1" time="0.012"/>
  <system-out/>
</testsuite> <!-- _testNG_Assertions_._Verification_soft_assert_ -->
