<?xml version="1.0" encoding="UTF-8"?>
<!-- Generated by org.testng.reporters.JUnitReportReporter -->
<testsuite hostname="pavanraut2137" failures="0" tests="1" name="_testNG_._testNG_class_" time="0.010" errors="0" timestamp="2022-09-04T15:35:06 IST" skipped="0">
  <testcase classname="_testNG_._testNG_class_" name="test" time="0.010"/>
  <system-out>
    <![CDATA[pavan raut]]>
  </system-out>
</testsuite> <!-- _testNG_._testNG_class_ -->
